0 info it worked if it ends with ok
1 verbose cli [ '/home/kbye/.nvm/versions/node/v7.0.0/bin/node',
1 verbose cli   '/home/kbye/.nvm/versions/node/v7.0.0/bin/npm',
1 verbose cli   'start' ]
2 info using npm@3.10.8
3 info using node@v7.0.0
4 verbose run-script [ 'prestart', 'start', 'poststart' ]
5 info lifecycle coffee-app-thing@0.0.1~prestart: coffee-app-thing@0.0.1
6 silly lifecycle coffee-app-thing@0.0.1~prestart: no script for prestart, continuing
7 info lifecycle coffee-app-thing@0.0.1~start: coffee-app-thing@0.0.1
8 verbose lifecycle coffee-app-thing@0.0.1~start: unsafe-perm in lifecycle true
9 verbose lifecycle coffee-app-thing@0.0.1~start: PATH: /home/kbye/.nvm/versions/node/v7.0.0/lib/node_modules/npm/bin/node-gyp-bin:/home/kbye/workspace/coffee-app-thing/node_modules/.bin:/home/kbye/.nvm/versions/node/v7.0.0/bin:/usr/local/sbin:/usr/local/bin:/usr/sbin:/usr/bin:/sbin:/bin:/usr/games:/usr/local/games
10 verbose lifecycle coffee-app-thing@0.0.1~start: CWD: /home/kbye/workspace/coffee-app-thing
11 silly lifecycle coffee-app-thing@0.0.1~start: Args: [ '-c',
11 silly lifecycle   'webpack-dev-server --inline --progress --port --optimize-minimize 8080' ]
12 silly lifecycle coffee-app-thing@0.0.1~start: Returned: code: 1  signal: null
13 info lifecycle coffee-app-thing@0.0.1~start: Failed to exec start script
14 verbose stack Error: coffee-app-thing@0.0.1 start: `webpack-dev-server --inline --progress --port --optimize-minimize 8080`
14 verbose stack Exit status 1
14 verbose stack     at EventEmitter.<anonymous> (/home/kbye/.nvm/versions/node/v7.0.0/lib/node_modules/npm/lib/utils/lifecycle.js:255:16)
14 verbose stack     at emitTwo (events.js:106:13)
14 verbose stack     at EventEmitter.emit (events.js:191:7)
14 verbose stack     at ChildProcess.<anonymous> (/home/kbye/.nvm/versions/node/v7.0.0/lib/node_modules/npm/lib/utils/spawn.js:40:14)
14 verbose stack     at emitTwo (events.js:106:13)
14 verbose stack     at ChildProcess.emit (events.js:191:7)
14 verbose stack     at maybeClose (internal/child_process.js:877:16)
14 verbose stack     at Process.ChildProcess._handle.onexit (internal/child_process.js:226:5)
15 verbose pkgid coffee-app-thing@0.0.1
16 verbose cwd /home/kbye/workspace/coffee-app-thing
17 error Linux 3.19.0-69-generic
18 error argv "/home/kbye/.nvm/versions/node/v7.0.0/bin/node" "/home/kbye/.nvm/versions/node/v7.0.0/bin/npm" "start"
19 error node v7.0.0
20 error npm  v3.10.8
21 error code ELIFECYCLE
22 error coffee-app-thing@0.0.1 start: `webpack-dev-server --inline --progress --port --optimize-minimize 8080`
22 error Exit status 1
23 error Failed at the coffee-app-thing@0.0.1 start script 'webpack-dev-server --inline --progress --port --optimize-minimize 8080'.
23 error Make sure you have the latest version of node.js and npm installed.
23 error If you do, this is most likely a problem with the coffee-app-thing package,
23 error not with npm itself.
23 error Tell the author that this fails on your system:
23 error     webpack-dev-server --inline --progress --port --optimize-minimize 8080
23 error You can get information on how to open an issue for this project with:
23 error     npm bugs coffee-app-thing
23 error Or if that isn't available, you can get their info via:
23 error     npm owner ls coffee-app-thing
23 error There is likely additional logging output above.
24 verbose exit [ 1, true ]
